2015-08-11 22:08:48,545 - SendMail - INFO - Inside mail util
2015-08-11 22:08:48,555 - BasicUtil - INFO - Ziping folder
2015-08-11 22:16:50,173 - SendMail - INFO - Inside mail util
2015-08-11 22:16:50,173 - BasicUtil - INFO - Ziping folder
2015-08-11 22:34:16,779 - SendMail - INFO - Inside mail utils
2015-08-11 22:34:16,785 - BasicUtil - INFO - Ziping folder
2015-08-11 22:38:25,389 - SendMail - INFO - Inside mail utils
2015-08-11 22:38:25,399 - BasicUtil - INFO - Ziping folder
2015-08-11 22:38:31,719 - SendMail - INFO - Mail sent successfully
2015-08-11 23:01:08,564 - NaukriLogin - INFO - Inside data provider
2015-08-11 23:01:08,576 - NaukriLogin - INFO - In side xls reader utility
2015-08-11 23:01:08,577 - NaukriLogin - INFO - Test controller file is located
2015-08-11 23:01:09,004 - NaukriLogin - INFO - Printing number of rows 6
2015-08-11 23:01:09,004 - NaukriLogin - INFO - Printing number of column 5
2015-08-11 23:01:09,004 - NaukriLogin - INFO - [1, 0] = STRING; Value = LoginTest
2015-08-11 23:01:09,004 - NaukriLogin - INFO - LoginTest
2015-08-11 23:01:09,004 - NaukriLogin - INFO - [1, 1] = STRING; Value = dubeysakshi07@gmail.com
2015-08-11 23:01:09,004 - NaukriLogin - INFO - dubeysakshi07@gmail.com
2015-08-11 23:01:09,004 - NaukriLogin - INFO - [1, 2] = STRING; Value = skywalk88
2015-08-11 23:01:09,004 - NaukriLogin - INFO - skywalk88
2015-08-11 23:01:09,004 - NaukriLogin - INFO - [1, 3] = STRING; Value = Mozilla
2015-08-11 23:01:09,004 - NaukriLogin - INFO - Mozilla
2015-08-11 23:01:09,004 - NaukriLogin - INFO - [1, 4] = STRING; Value = Y
2015-08-11 23:01:09,014 - NaukriLogin - INFO - Y
2015-08-11 23:01:09,014 - NaukriLogin - INFO - [2, 0] = STRING; Value = LoginTest
2015-08-11 23:01:09,014 - NaukriLogin - INFO - LoginTest
2015-08-11 23:01:09,014 - NaukriLogin - INFO - [2, 1] = STRING; Value = pankaj_singh0803@yahoo.com
2015-08-11 23:01:09,014 - NaukriLogin - INFO - pankaj_singh0803@yahoo.com
2015-08-11 23:01:09,014 - NaukriLogin - INFO - [2, 2] = STRING; Value = Jyoti29@
2015-08-11 23:01:09,014 - NaukriLogin - INFO - Jyoti29@
2015-08-11 23:01:09,014 - NaukriLogin - INFO - [2, 3] = STRING; Value = Mozilla
2015-08-11 23:01:09,014 - NaukriLogin - INFO - Mozilla
2015-08-11 23:01:09,014 - NaukriLogin - INFO - [2, 4] = STRING; Value = Y
2015-08-11 23:01:09,014 - NaukriLogin - INFO - Y
2015-08-11 23:01:09,014 - NaukriLogin - INFO - [3, 0] = STRING; Value = LoginTest
2015-08-11 23:01:09,014 - NaukriLogin - INFO - LoginTest
2015-08-11 23:01:09,014 - NaukriLogin - INFO - [3, 1] = STRING; Value = shweta.sharma.03hr@gmail.com
2015-08-11 23:01:09,014 - NaukriLogin - INFO - shweta.sharma.03hr@gmail.com
2015-08-11 23:01:09,014 - NaukriLogin - INFO - [3, 2] = STRING; Value = shweta13
2015-08-11 23:01:09,014 - NaukriLogin - INFO - shweta13
2015-08-11 23:01:09,014 - NaukriLogin - INFO - [3, 3] = STRING; Value = Mozilla
2015-08-11 23:01:09,014 - NaukriLogin - INFO - Mozilla
2015-08-11 23:01:09,024 - NaukriLogin - INFO - [3, 4] = STRING; Value = N
2015-08-11 23:01:09,024 - NaukriLogin - INFO - N
2015-08-11 23:01:09,024 - NaukriLogin - INFO - [4, 0] = STRING; Value = LoginTest
2015-08-11 23:01:09,024 - NaukriLogin - INFO - LoginTest
2015-08-11 23:01:09,024 - NaukriLogin - INFO - [4, 1] = STRING; Value = kumar.deepaktiwari@gmail.com
2015-08-11 23:01:09,024 - NaukriLogin - INFO - kumar.deepaktiwari@gmail.com
2015-08-11 23:01:09,024 - NaukriLogin - INFO - [4, 2] = STRING; Value = deepaktiwari13
2015-08-11 23:01:09,024 - NaukriLogin - INFO - deepaktiwari13
2015-08-11 23:01:09,024 - NaukriLogin - INFO - [4, 3] = STRING; Value = Mozilla
2015-08-11 23:01:09,024 - NaukriLogin - INFO - Mozilla
2015-08-11 23:01:09,024 - NaukriLogin - INFO - [4, 4] = STRING; Value = N
2015-08-11 23:01:09,024 - NaukriLogin - INFO - N
2015-08-11 23:01:09,024 - NaukriLogin - INFO - [5, 0] = STRING; Value = LoginTest
2015-08-11 23:01:09,024 - NaukriLogin - INFO - LoginTest
2015-08-11 23:01:09,024 - NaukriLogin - INFO - [5, 1] = STRING; Value = akt.jbl@gmail.com
2015-08-11 23:01:09,024 - NaukriLogin - INFO - akt.jbl@gmail.com
2015-08-11 23:01:09,024 - NaukriLogin - INFO - [5, 2] = STRING; Value = akt@123
2015-08-11 23:01:09,024 - NaukriLogin - INFO - akt@123
2015-08-11 23:01:09,024 - NaukriLogin - INFO - [5, 3] = STRING; Value = Chrome
2015-08-11 23:01:09,024 - NaukriLogin - INFO - Chrome
2015-08-11 23:01:09,024 - NaukriLogin - INFO - [5, 4] = STRING; Value = N
2015-08-11 23:01:09,024 - NaukriLogin - INFO - N
2015-08-11 23:01:09,044 - NaukriLogin - INFO - Inside naukri login function
2015-08-11 23:01:09,044 - Keywords - INFO - Inside Keywords constructor
2015-08-11 23:01:09,044 - Keywords - INFO - Initializing single ton class
2015-08-11 23:01:09,044 - Keywords - INFO - Inside Keywords constructor
2015-08-11 23:01:09,044 - Keywords - INFO - Inside browser function
2015-08-11 23:01:09,044 - Keywords - INFO - Launching mozilla browser
2015-08-11 23:01:19,478 - Keywords - INFO - Loading url
2015-08-11 23:01:23,968 - Keywords - INFO - Clicking on element LoginButton
2015-08-11 23:01:24,452 - Keywords - INFO - Clicking on element SelectEmailID
2015-08-11 23:01:24,691 - Keywords - INFO - Calling send keys with dubeysakshi07@gmail.com
2015-08-11 23:01:24,863 - Keywords - INFO - Calling send keys with skywalk88
2015-08-11 23:01:25,533 - Keywords - INFO - Clicking on element ActualLoginButton
2015-08-11 23:01:25,869 - Keywords - INFO - Comparing page title
2015-08-11 23:01:25,919 - Keywords - INFO - Current page title is Jobs - Recruitment - Job Search - Employment - Job Vacancies - Naukri.com
2015-08-11 23:01:25,929 - NaukriLogin - INFO - In the error basket
2015-08-11 23:01:25,929 - ErrorUtil - INFO - *************addVerificationFailure******************
2015-08-11 23:01:25,929 - ErrorUtil - INFO - *************getVerificationFailures******************
2015-08-11 23:01:25,929 - Keywords - INFO - Clicking on element Viewandupdateprofile
2015-08-11 23:01:31,762 - Keywords - INFO - Clicking on element Addskills
2015-08-11 23:01:34,950 - Keywords - INFO - Clicking on element Saveskills
2015-08-11 23:01:41,738 - Keywords - INFO - Returning element Updatemessage
2015-08-11 23:01:41,779 - NaukriLogin - INFO - Activity output Your IT Skill Details have been successfully updated
2015-08-11 23:01:41,959 - Keywords - INFO - Clicking on element Pagelogout
2015-08-11 23:01:44,701 - Keywords - INFO - Performing after test activity
2015-08-11 23:01:45,073 - TestsListenerAdapter - INFO - *************TestsListenerAdapter******************
2015-08-11 23:01:45,073 - ErrorUtil - INFO - *************getVerificationFailures******************
2015-08-11 23:01:45,081 - NaukriLogin - INFO - Inside naukri login function
2015-08-11 23:01:45,082 - Keywords - INFO - Inside Keywords constructor
2015-08-11 23:01:45,082 - Keywords - INFO - Initializing single ton class
2015-08-11 23:01:45,083 - Keywords - INFO - Inside Keywords constructor
2015-08-11 23:01:45,083 - Keywords - INFO - Inside browser function
2015-08-11 23:01:45,084 - Keywords - INFO - Launching mozilla browser
2015-08-11 23:01:53,842 - Keywords - INFO - Loading url
2015-08-11 23:01:57,833 - Keywords - INFO - Clicking on element LoginButton
2015-08-11 23:01:58,285 - Keywords - INFO - Clicking on element SelectEmailID
2015-08-11 23:01:58,541 - Keywords - INFO - Calling send keys with pankaj_singh0803@yahoo.com
2015-08-11 23:01:59,221 - Keywords - INFO - Calling send keys with Jyoti29@
2015-08-11 23:01:59,378 - Keywords - INFO - Clicking on element ActualLoginButton
2015-08-11 23:01:59,659 - Keywords - INFO - Comparing page title
2015-08-11 23:01:59,701 - Keywords - INFO - Current page title is Jobs - Recruitment - Job Search - Employment - Job Vacancies - Naukri.com
2015-08-11 23:01:59,701 - NaukriLogin - INFO - In the error basket
2015-08-11 23:01:59,701 - ErrorUtil - INFO - *************addVerificationFailure******************
2015-08-11 23:01:59,701 - ErrorUtil - INFO - *************getVerificationFailures******************
2015-08-11 23:01:59,701 - Keywords - INFO - Clicking on element Viewandupdateprofile
2015-08-11 23:02:04,493 - Keywords - INFO - Clicking on element Addskills
2015-08-11 23:02:08,599 - Keywords - INFO - Clicking on element Saveskills
2015-08-11 23:02:16,060 - Keywords - INFO - Returning element Updatemessage
2015-08-11 23:02:16,101 - NaukriLogin - INFO - Activity output Your IT Skill Details have been successfully updated
2015-08-11 23:02:16,261 - Keywords - INFO - Clicking on element Pagelogout
2015-08-11 23:02:19,857 - Keywords - INFO - Performing after test activity
2015-08-11 23:02:20,150 - TestsListenerAdapter - INFO - *************TestsListenerAdapter******************
2015-08-11 23:02:20,150 - ErrorUtil - INFO - *************getVerificationFailures******************
2015-08-11 23:02:20,150 - TestsListenerAdapter - INFO - *************TestsListenerAdapter******************
2015-08-11 23:02:20,160 - ErrorUtil - INFO - *************getVerificationFailures******************
2015-08-11 23:02:20,160 - TestsListenerAdapter - INFO - *************TestsListenerAdapter******************
2015-08-11 23:02:20,160 - ErrorUtil - INFO - *************getVerificationFailures******************
2015-08-11 23:02:20,160 - TestsListenerAdapter - INFO - *************TestsListenerAdapter******************
2015-08-11 23:02:20,160 - ErrorUtil - INFO - *************getVerificationFailures******************
2015-08-11 23:15:20,974 - SendMail - INFO - Inside mail utils
2015-08-11 23:15:20,984 - BasicUtil - INFO - Ziping folder
2015-08-11 23:15:28,754 - SendMail - INFO - Mail sent successfully
2015-08-12 21:00:19,924 - SendMail - INFO - Inside mail utils
2015-08-12 21:00:19,988 - BasicUtil - INFO - Ziping folder
2015-08-12 21:00:26,698 - SendMail - INFO - Mail sent successfully
2015-08-12 21:05:33,240 - SendMail - INFO - Inside mail utils
2015-08-12 21:05:33,250 - BasicUtil - INFO - Ziping folder
2015-08-12 21:05:38,692 - SendMail - INFO - Mail sent successfully
